<?xml version="1.0" encoding="UTF-8"?>
<testng-results ignored="0" total="1" passed="1" failed="0" skipped="0">
  <reporter-output>
    <line>
      <![CDATA[Test Pass::  Primus Bank  Primus Bank]]>
    </line>
  </reporter-output>
  <suite started-at="2023-06-07T17:20:42 IST" name="Default suite" finished-at="2023-06-07T17:20:47 IST" duration-ms="5180">
    <groups>
    </groups>
    <test started-at="2023-06-07T17:20:42 IST" name="Default test" finished-at="2023-06-07T17:20:47 IST" duration-ms="5180">
      <class name="testing23.Findelement">
        <test-method is-config="true" signature="setUp()[pri:0, instance:testing23.Findelement@10e92f8f]" started-at="2023-06-07T17:20:42 IST" name="setUp" finished-at="2023-06-07T17:20:45 IST" duration-ms="3299" status="PASS">
          <reporter-output>
          </reporter-output>
        </test-method> <!-- setUp -->
        <test-method signature="test()[pri:0, instance:testing23.Findelement@10e92f8f]" started-at="2023-06-07T17:20:45 IST" name="test" finished-at="2023-06-07T17:20:47 IST" duration-ms="1715" status="PASS">
          <reporter-output>
            <line>
              <![CDATA[Test Pass::  Primus Bank  Primus Bank]]>
            </line>
          </reporter-output>
        </test-method> <!-- test -->
        <test-method is-config="true" signature="tearDown()[pri:0, instance:testing23.Findelement@10e92f8f]" started-at="2023-06-07T17:20:47 IST" name="tearDown" finished-at="2023-06-07T17:20:47 IST" duration-ms="118" status="PASS">
          <reporter-output>
          </reporter-output>
        </test-method> <!-- tearDown -->
      </class> <!-- testing23.Findelement -->
    </test> <!-- Default test -->
  </suite> <!-- Default suite -->
</testng-results>
